Obtaining file:///root/synrail_023_checkout/workspace
  Installing build dependencies: started
  Installing build dependencies: finished with status 'done'
  Checking if build backend supports build_editable: started
  Checking if build backend supports build_editable: finished with status 'done'
  Getting requirements to build editable: started
  Getting requirements to build editable: finished with status 'done'
  Preparing editable metadata (pyproject.toml): started
  Preparing editable metadata (pyproject.toml): finished with status 'done'
Building wheels for collected packages: synrail
  Building editable for synrail (pyproject.toml): started
  Building editable for synrail (pyproject.toml): finished with status 'done'
  Created wheel for synrail: filename=synrail-0.1.0-0.editable-py3-none-any.whl size=2991 sha256=09ac4d32bf26646b9c6f4e8184e0aac76f16051f8449079bae89d09dabd687b8
  Stored in directory: /tmp/pip-ephem-wheel-cache-rnfjj0op/wheels/24/b0/d4/8e5a813ba50f77021e7de787d2ff3c451c02cfb3f9f1d7635a
Successfully built synrail
Installing collected packages: synrail
  Attempting uninstall: synrail
    Found existing installation: synrail 0.1.0
    Uninstalling synrail-0.1.0:
      Successfully uninstalled synrail-0.1.0
Successfully installed synrail-0.1.0
